{
  "uid" : "ea17e97a512316e4",
  "name" : "TestProject.test_create_project_with_unidentified_team_member",
  "fullName" : "hub3c_mobile_android.test_cases.test_project.TestProject.test_create_project_with_unidentified_team_member",
  "historyId" : "afc6862c0a4d47741d6f03207c582fab",
  "time" : {
    "start" : 1512457762799,
    "stop" : 1512457847801,
    "duration" : 85002
  },
  "description" : "",
  "descriptionHtml" : "",
  "status" : "failed",
  "statusDetails" : {
    "message" : "NoSuchElementException: Message: An element could not be located on the page using the given search parameters.\n",
    "trace" : "self = <hub3c_mobile_android.test_cases.test_project.TestProject object at 0x0118EF70>\n\n    def test_create_project_with_unidentified_team_member(self):\n        login.login(email=\"transsystem@mailinator.com\", password=\"ZXasqw12\")\n        dashboard.verified_all_element()\n        navbar.tap_feature_menu()\n        feature_menu.tap_projects()\n        project.tap_create_new_project()\n    \n        ### ############### input basic information\n        create_project.verified_form()\n        create_project.input_project_title()\n        create_project.input_project_code()\n        create_project.input_project_desc()\n        util.swipe_to_buttom()\n        create_project.set_reminder_date()\n        util.swipe_to_buttom()\n        create_project.tap_next()\n    \n        ### ############### Add team member project\n        create_project.input_team_member_name(teamm_ember_name=\"Aditya Ridha\")\n        create_project.set_project_role()\n        create_project.set_hourly_rate()\n        util.swipe_to_buttom()\n        create_project.tap_add_member_button()\n>       create_project.tap_option_team_member()\n\ntest_project.py:63: \n_ _ _ _ _ _ _ _ _ _ _ _ _ _ _ _ _ _ _ _ _ _ _ _ _ _ _ _ _ _ _ _ _ _ _ _ _ _ _ _\n..\\page\\projects_module\\create_new_project_form.py:158: in tap_option_team_member\n    self.driver.find_element_by_xpath(self.project_creator_option).click()\nC:\\Users\\Geekseat\\AppData\\Local\\Programs\\Python\\Python35-32\\lib\\site-packages\\selenium\\webdriver\\remote\\webdriver.py:295: in find_element_by_xpath\n    return self.find_element(by=By.XPATH, value=xpath)\nC:\\Users\\Geekseat\\AppData\\Local\\Programs\\Python\\Python35-32\\lib\\site-packages\\selenium\\webdriver\\remote\\webdriver.py:756: in find_element\n    'value': value})['value']\nC:\\Users\\Geekseat\\AppData\\Local\\Programs\\Python\\Python35-32\\lib\\site-packages\\selenium\\webdriver\\remote\\webdriver.py:238: in execute\n    self.error_handler.check_response(response)\nC:\\Users\\Geekseat\\AppData\\Local\\Programs\\Python\\Python35-32\\lib\\site-packages\\appium\\webdriver\\errorhandler.py:29: in check_response\n    raise wde\nC:\\Users\\Geekseat\\AppData\\Local\\Programs\\Python\\Python35-32\\lib\\site-packages\\appium\\webdriver\\errorhandler.py:24: in check_response\n    super(MobileErrorHandler, self).check_response(response)\n_ _ _ _ _ _ _ _ _ _ _ _ _ _ _ _ _ _ _ _ _ _ _ _ _ _ _ _ _ _ _ _ _ _ _ _ _ _ _ _\n\nself = <appium.webdriver.errorhandler.MobileErrorHandler object at 0x045D49F0>\nresponse = {'status': 500, 'value': '{\"status\":7,\"value\":{\"message\":\"An element could not be located on the page using the given search parameters.\"},\"sessionId\":\"6109fa7a-c113-49ca-a7b9-0bc8b172f595\"}'}\n\n    def check_response(self, response):\n        \"\"\"\n            Checks that a JSON response from the WebDriver does not have an error.\n    \n            :Args:\n             - response - The JSON response from the WebDriver server as a dictionary\n               object.\n    \n            :Raises: If the response contains an error message.\n            \"\"\"\n        status = response.get('status', None)\n        if status is None or status == ErrorCode.SUCCESS:\n            return\n        value = None\n        message = response.get(\"message\", \"\")\n        screen = response.get(\"screen\", \"\")\n        stacktrace = None\n        if isinstance(status, int):\n            value_json = response.get('value', None)\n            if value_json and isinstance(value_json, basestring):\n                import json\n                try:\n                    value = json.loads(value_json)\n                    if len(value.keys()) == 1:\n                        value = value['value']\n                    status = value.get('error', None)\n                    if status is None:\n                        status = value[\"status\"]\n                        message = value[\"value\"]\n                        if not isinstance(message, basestring):\n                            value = message\n                            try:\n                                message = message['message']\n                            except TypeError:\n                                message = None\n                    else:\n                        message = value.get('message', None)\n                except ValueError:\n                    pass\n    \n        exception_class = ErrorInResponseException\n        if status in ErrorCode.NO_SUCH_ELEMENT:\n            exception_class = NoSuchElementException\n        elif status in ErrorCode.NO_SUCH_FRAME:\n            exception_class = NoSuchFrameException\n        elif status in ErrorCode.NO_SUCH_WINDOW:\n            exception_class = NoSuchWindowException\n        elif status in ErrorCode.STALE_ELEMENT_REFERENCE:\n            exception_class = StaleElementReferenceException\n        elif status in ErrorCode.ELEMENT_NOT_VISIBLE:\n            exception_class = ElementNotVisibleException\n        elif status in ErrorCode.INVALID_ELEMENT_STATE:\n            exception_class = InvalidElementStateException\n        elif status in ErrorCode.INVALID_SELECTOR \\\n                or status in ErrorCode.INVALID_XPATH_SELECTOR \\\n                or status in ErrorCode.INVALID_XPATH_SELECTOR_RETURN_TYPER:\n            exception_class = InvalidSelectorException\n        elif status in ErrorCode.ELEMENT_IS_NOT_SELECTABLE:\n            exception_class = ElementNotSelectableException\n        elif status in ErrorCode.INVALID_COOKIE_DOMAIN:\n            exception_class = WebDriverException\n        elif status in ErrorCode.UNABLE_TO_SET_COOKIE:\n            exception_class = WebDriverException\n        elif status in ErrorCode.TIMEOUT:\n            exception_class = TimeoutException\n        elif status in ErrorCode.SCRIPT_TIMEOUT:\n            exception_class = TimeoutException\n        elif status in ErrorCode.UNKNOWN_ERROR:\n            exception_class = WebDriverException\n        elif status in ErrorCode.UNEXPECTED_ALERT_OPEN:\n            exception_class = UnexpectedAlertPresentException\n        elif status in ErrorCode.NO_ALERT_OPEN:\n            exception_class = NoAlertPresentException\n        elif status in ErrorCode.IME_NOT_AVAILABLE:\n            exception_class = ImeNotAvailableException\n        elif status in ErrorCode.IME_ENGINE_ACTIVATION_FAILED:\n            exception_class = ImeActivationFailedException\n        elif status in ErrorCode.MOVE_TARGET_OUT_OF_BOUNDS:\n            exception_class = MoveTargetOutOfBoundsException\n        else:\n            exception_class = WebDriverException\n        if value == '' or value is None:\n            value = response['value']\n        if isinstance(value, basestring):\n            if exception_class == ErrorInResponseException:\n                raise exception_class(response, value)\n            raise exception_class(value)\n        if message == \"\" and 'message' in value:\n            message = value['message']\n    \n        screen = None\n        if 'screen' in value:\n            screen = value['screen']\n    \n        stacktrace = None\n        if 'stackTrace' in value and value['stackTrace']:\n            stacktrace = []\n            try:\n                for frame in value['stackTrace']:\n                    line = self._value_or_default(frame, 'lineNumber', '')\n                    file = self._value_or_default(frame, 'fileName', '<anonymous>')\n                    if line:\n                        file = \"%s:%s\" % (file, line)\n                    meth = self._value_or_default(frame, 'methodName', '<anonymous>')\n                    if 'className' in frame:\n                        meth = \"%s.%s\" % (frame['className'], meth)\n                    msg = \"    at %s (%s)\"\n                    msg = msg % (meth, file)\n                    stacktrace.append(msg)\n            except TypeError:\n                pass\n        if exception_class == ErrorInResponseException:\n            raise exception_class(response, message)\n        elif exception_class == UnexpectedAlertPresentException and 'alert' in value:\n            raise exception_class(message, screen, stacktrace, value['alert'].get('text'))\n>       raise exception_class(message, screen, stacktrace)\nE       selenium.common.exceptions.NoSuchElementException: Message: An element could not be located on the page using the given search parameters.\n\nC:\\Users\\Geekseat\\AppData\\Local\\Programs\\Python\\Python35-32\\lib\\site-packages\\selenium\\webdriver\\remote\\errorhandler.py:193: NoSuchElementException",
    "flaky" : true
  },
  "beforeStages" : [ ],
  "testStage" : {
    "status" : "failed",
    "statusDetails" : {
      "message" : "NoSuchElementException: Message: An element could not be located on the page using the given search parameters.\n",
      "trace" : "self = <hub3c_mobile_android.test_cases.test_project.TestProject object at 0x0118EF70>\n\n    def test_create_project_with_unidentified_team_member(self):\n        login.login(email=\"transsystem@mailinator.com\", password=\"ZXasqw12\")\n        dashboard.verified_all_element()\n        navbar.tap_feature_menu()\n        feature_menu.tap_projects()\n        project.tap_create_new_project()\n    \n        ### ############### input basic information\n        create_project.verified_form()\n        create_project.input_project_title()\n        create_project.input_project_code()\n        create_project.input_project_desc()\n        util.swipe_to_buttom()\n        create_project.set_reminder_date()\n        util.swipe_to_buttom()\n        create_project.tap_next()\n    \n        ### ############### Add team member project\n        create_project.input_team_member_name(teamm_ember_name=\"Aditya Ridha\")\n        create_project.set_project_role()\n        create_project.set_hourly_rate()\n        util.swipe_to_buttom()\n        create_project.tap_add_member_button()\n>       create_project.tap_option_team_member()\n\ntest_project.py:63: \n_ _ _ _ _ _ _ _ _ _ _ _ _ _ _ _ _ _ _ _ _ _ _ _ _ _ _ _ _ _ _ _ _ _ _ _ _ _ _ _\n..\\page\\projects_module\\create_new_project_form.py:158: in tap_option_team_member\n    self.driver.find_element_by_xpath(self.project_creator_option).click()\nC:\\Users\\Geekseat\\AppData\\Local\\Programs\\Python\\Python35-32\\lib\\site-packages\\selenium\\webdriver\\remote\\webdriver.py:295: in find_element_by_xpath\n    return self.find_element(by=By.XPATH, value=xpath)\nC:\\Users\\Geekseat\\AppData\\Local\\Programs\\Python\\Python35-32\\lib\\site-packages\\selenium\\webdriver\\remote\\webdriver.py:756: in find_element\n    'value': value})['value']\nC:\\Users\\Geekseat\\AppData\\Local\\Programs\\Python\\Python35-32\\lib\\site-packages\\selenium\\webdriver\\remote\\webdriver.py:238: in execute\n    self.error_handler.check_response(response)\nC:\\Users\\Geekseat\\AppData\\Local\\Programs\\Python\\Python35-32\\lib\\site-packages\\appium\\webdriver\\errorhandler.py:29: in check_response\n    raise wde\nC:\\Users\\Geekseat\\AppData\\Local\\Programs\\Python\\Python35-32\\lib\\site-packages\\appium\\webdriver\\errorhandler.py:24: in check_response\n    super(MobileErrorHandler, self).check_response(response)\n_ _ _ _ _ _ _ _ _ _ _ _ _ _ _ _ _ _ _ _ _ _ _ _ _ _ _ _ _ _ _ _ _ _ _ _ _ _ _ _\n\nself = <appium.webdriver.errorhandler.MobileErrorHandler object at 0x045D49F0>\nresponse = {'status': 500, 'value': '{\"status\":7,\"value\":{\"message\":\"An element could not be located on the page using the given search parameters.\"},\"sessionId\":\"6109fa7a-c113-49ca-a7b9-0bc8b172f595\"}'}\n\n    def check_response(self, response):\n        \"\"\"\n            Checks that a JSON response from the WebDriver does not have an error.\n    \n            :Args:\n             - response - The JSON response from the WebDriver server as a dictionary\n               object.\n    \n            :Raises: If the response contains an error message.\n            \"\"\"\n        status = response.get('status', None)\n        if status is None or status == ErrorCode.SUCCESS:\n            return\n        value = None\n        message = response.get(\"message\", \"\")\n        screen = response.get(\"screen\", \"\")\n        stacktrace = None\n        if isinstance(status, int):\n            value_json = response.get('value', None)\n            if value_json and isinstance(value_json, basestring):\n                import json\n                try:\n                    value = json.loads(value_json)\n                    if len(value.keys()) == 1:\n                        value = value['value']\n                    status = value.get('error', None)\n                    if status is None:\n                        status = value[\"status\"]\n                        message = value[\"value\"]\n                        if not isinstance(message, basestring):\n                            value = message\n                            try:\n                                message = message['message']\n                            except TypeError:\n                                message = None\n                    else:\n                        message = value.get('message', None)\n                except ValueError:\n                    pass\n    \n        exception_class = ErrorInResponseException\n        if status in ErrorCode.NO_SUCH_ELEMENT:\n            exception_class = NoSuchElementException\n        elif status in ErrorCode.NO_SUCH_FRAME:\n            exception_class = NoSuchFrameException\n        elif status in ErrorCode.NO_SUCH_WINDOW:\n            exception_class = NoSuchWindowException\n        elif status in ErrorCode.STALE_ELEMENT_REFERENCE:\n            exception_class = StaleElementReferenceException\n        elif status in ErrorCode.ELEMENT_NOT_VISIBLE:\n            exception_class = ElementNotVisibleException\n        elif status in ErrorCode.INVALID_ELEMENT_STATE:\n            exception_class = InvalidElementStateException\n        elif status in ErrorCode.INVALID_SELECTOR \\\n                or status in ErrorCode.INVALID_XPATH_SELECTOR \\\n                or status in ErrorCode.INVALID_XPATH_SELECTOR_RETURN_TYPER:\n            exception_class = InvalidSelectorException\n        elif status in ErrorCode.ELEMENT_IS_NOT_SELECTABLE:\n            exception_class = ElementNotSelectableException\n        elif status in ErrorCode.INVALID_COOKIE_DOMAIN:\n            exception_class = WebDriverException\n        elif status in ErrorCode.UNABLE_TO_SET_COOKIE:\n            exception_class = WebDriverException\n        elif status in ErrorCode.TIMEOUT:\n            exception_class = TimeoutException\n        elif status in ErrorCode.SCRIPT_TIMEOUT:\n            exception_class = TimeoutException\n        elif status in ErrorCode.UNKNOWN_ERROR:\n            exception_class = WebDriverException\n        elif status in ErrorCode.UNEXPECTED_ALERT_OPEN:\n            exception_class = UnexpectedAlertPresentException\n        elif status in ErrorCode.NO_ALERT_OPEN:\n            exception_class = NoAlertPresentException\n        elif status in ErrorCode.IME_NOT_AVAILABLE:\n            exception_class = ImeNotAvailableException\n        elif status in ErrorCode.IME_ENGINE_ACTIVATION_FAILED:\n            exception_class = ImeActivationFailedException\n        elif status in ErrorCode.MOVE_TARGET_OUT_OF_BOUNDS:\n            exception_class = MoveTargetOutOfBoundsException\n        else:\n            exception_class = WebDriverException\n        if value == '' or value is None:\n            value = response['value']\n        if isinstance(value, basestring):\n            if exception_class == ErrorInResponseException:\n                raise exception_class(response, value)\n            raise exception_class(value)\n        if message == \"\" and 'message' in value:\n            message = value['message']\n    \n        screen = None\n        if 'screen' in value:\n            screen = value['screen']\n    \n        stacktrace = None\n        if 'stackTrace' in value and value['stackTrace']:\n            stacktrace = []\n            try:\n                for frame in value['stackTrace']:\n                    line = self._value_or_default(frame, 'lineNumber', '')\n                    file = self._value_or_default(frame, 'fileName', '<anonymous>')\n                    if line:\n                        file = \"%s:%s\" % (file, line)\n                    meth = self._value_or_default(frame, 'methodName', '<anonymous>')\n                    if 'className' in frame:\n                        meth = \"%s.%s\" % (frame['className'], meth)\n                    msg = \"    at %s (%s)\"\n                    msg = msg % (meth, file)\n                    stacktrace.append(msg)\n            except TypeError:\n                pass\n        if exception_class == ErrorInResponseException:\n            raise exception_class(response, message)\n        elif exception_class == UnexpectedAlertPresentException and 'alert' in value:\n            raise exception_class(message, screen, stacktrace, value['alert'].get('text'))\n>       raise exception_class(message, screen, stacktrace)\nE       selenium.common.exceptions.NoSuchElementException: Message: An element could not be located on the page using the given search parameters.\n\nC:\\Users\\Geekseat\\AppData\\Local\\Programs\\Python\\Python35-32\\lib\\site-packages\\selenium\\webdriver\\remote\\errorhandler.py:193: NoSuchElementException",
      "flaky" : true
    },
    "steps" : [ ],
    "attachments" : [ {
      "uid" : "96fe89fce89a5add",
      "name" : "Captured stdout call",
      "source" : "96fe89fce89a5add.txt",
      "type" : "text/plain",
      "size" : 141
    }, {
      "uid" : "c088a13f8b60e4b5",
      "name" : "Captured stderr setup",
      "source" : "c088a13f8b60e4b5.txt",
      "type" : "text/plain",
      "size" : 38
    } ],
    "parameters" : [ ],
    "attachmentsCount" : 2,
    "shouldDisplayMessage" : true,
    "hasContent" : true,
    "stepsCount" : 0
  },
  "afterStages" : [ ],
  "labels" : [ {
    "name" : "host",
    "value" : "DESKTOP-T8C7ART"
  }, {
    "name" : "severity",
    "value" : "normal"
  }, {
    "name" : "thread",
    "value" : "12660-MainThread"
  }, {
    "name" : "suite",
    "value" : "hub3c_mobile_android.test_cases.test_project"
  }, {
    "name" : "testClass",
    "value" : "hub3c_mobile_android.test_cases.test_project"
  }, {
    "name" : "testMethod",
    "value" : "TestProject.test_create_project_with_unidentified_team_member"
  }, {
    "name" : "package",
    "value" : "hub3c_mobile_android.test_cases.test_project"
  }, {
    "name" : "resultFormat",
    "value" : "allure1"
  } ],
  "parameters" : [ ],
  "links" : [ ],
  "hidden" : false,
  "extra" : {
    "severity" : "normal",
    "retries" : [ {
      "uid" : "eeaa6cdd7c052ff7",
      "status" : "failed",
      "statusDetails" : "NoSuchElementException: Message: An element could not be located on the page using the given search parameters.\n",
      "time" : {
        "start" : 1512454519520,
        "stop" : 1512454595326,
        "duration" : 75806
      }
    } ],
    "categories" : [ {
      "name" : "Product defects",
      "matchedStatuses" : [ ],
      "flaky" : false
    } ],
    "tags" : [ ]
  },
  "source" : "ea17e97a512316e4.json",
  "statusDetailsSafe" : {
    "message" : "NoSuchElementException: Message: An element could not be located on the page using the given search parameters.\n",
    "trace" : "self = <hub3c_mobile_android.test_cases.test_project.TestProject object at 0x0118EF70>\n\n    def test_create_project_with_unidentified_team_member(self):\n        login.login(email=\"transsystem@mailinator.com\", password=\"ZXasqw12\")\n        dashboard.verified_all_element()\n        navbar.tap_feature_menu()\n        feature_menu.tap_projects()\n        project.tap_create_new_project()\n    \n        ### ############### input basic information\n        create_project.verified_form()\n        create_project.input_project_title()\n        create_project.input_project_code()\n        create_project.input_project_desc()\n        util.swipe_to_buttom()\n        create_project.set_reminder_date()\n        util.swipe_to_buttom()\n        create_project.tap_next()\n    \n        ### ############### Add team member project\n        create_project.input_team_member_name(teamm_ember_name=\"Aditya Ridha\")\n        create_project.set_project_role()\n        create_project.set_hourly_rate()\n        util.swipe_to_buttom()\n        create_project.tap_add_member_button()\n>       create_project.tap_option_team_member()\n\ntest_project.py:63: \n_ _ _ _ _ _ _ _ _ _ _ _ _ _ _ _ _ _ _ _ _ _ _ _ _ _ _ _ _ _ _ _ _ _ _ _ _ _ _ _\n..\\page\\projects_module\\create_new_project_form.py:158: in tap_option_team_member\n    self.driver.find_element_by_xpath(self.project_creator_option).click()\nC:\\Users\\Geekseat\\AppData\\Local\\Programs\\Python\\Python35-32\\lib\\site-packages\\selenium\\webdriver\\remote\\webdriver.py:295: in find_element_by_xpath\n    return self.find_element(by=By.XPATH, value=xpath)\nC:\\Users\\Geekseat\\AppData\\Local\\Programs\\Python\\Python35-32\\lib\\site-packages\\selenium\\webdriver\\remote\\webdriver.py:756: in find_element\n    'value': value})['value']\nC:\\Users\\Geekseat\\AppData\\Local\\Programs\\Python\\Python35-32\\lib\\site-packages\\selenium\\webdriver\\remote\\webdriver.py:238: in execute\n    self.error_handler.check_response(response)\nC:\\Users\\Geekseat\\AppData\\Local\\Programs\\Python\\Python35-32\\lib\\site-packages\\appium\\webdriver\\errorhandler.py:29: in check_response\n    raise wde\nC:\\Users\\Geekseat\\AppData\\Local\\Programs\\Python\\Python35-32\\lib\\site-packages\\appium\\webdriver\\errorhandler.py:24: in check_response\n    super(MobileErrorHandler, self).check_response(response)\n_ _ _ _ _ _ _ _ _ _ _ _ _ _ _ _ _ _ _ _ _ _ _ _ _ _ _ _ _ _ _ _ _ _ _ _ _ _ _ _\n\nself = <appium.webdriver.errorhandler.MobileErrorHandler object at 0x045D49F0>\nresponse = {'status': 500, 'value': '{\"status\":7,\"value\":{\"message\":\"An element could not be located on the page using the given search parameters.\"},\"sessionId\":\"6109fa7a-c113-49ca-a7b9-0bc8b172f595\"}'}\n\n    def check_response(self, response):\n        \"\"\"\n            Checks that a JSON response from the WebDriver does not have an error.\n    \n            :Args:\n             - response - The JSON response from the WebDriver server as a dictionary\n               object.\n    \n            :Raises: If the response contains an error message.\n            \"\"\"\n        status = response.get('status', None)\n        if status is None or status == ErrorCode.SUCCESS:\n            return\n        value = None\n        message = response.get(\"message\", \"\")\n        screen = response.get(\"screen\", \"\")\n        stacktrace = None\n        if isinstance(status, int):\n            value_json = response.get('value', None)\n            if value_json and isinstance(value_json, basestring):\n                import json\n                try:\n                    value = json.loads(value_json)\n                    if len(value.keys()) == 1:\n                        value = value['value']\n                    status = value.get('error', None)\n                    if status is None:\n                        status = value[\"status\"]\n                        message = value[\"value\"]\n                        if not isinstance(message, basestring):\n                            value = message\n                            try:\n                                message = message['message']\n                            except TypeError:\n                                message = None\n                    else:\n                        message = value.get('message', None)\n                except ValueError:\n                    pass\n    \n        exception_class = ErrorInResponseException\n        if status in ErrorCode.NO_SUCH_ELEMENT:\n            exception_class = NoSuchElementException\n        elif status in ErrorCode.NO_SUCH_FRAME:\n            exception_class = NoSuchFrameException\n        elif status in ErrorCode.NO_SUCH_WINDOW:\n            exception_class = NoSuchWindowException\n        elif status in ErrorCode.STALE_ELEMENT_REFERENCE:\n            exception_class = StaleElementReferenceException\n        elif status in ErrorCode.ELEMENT_NOT_VISIBLE:\n            exception_class = ElementNotVisibleException\n        elif status in ErrorCode.INVALID_ELEMENT_STATE:\n            exception_class = InvalidElementStateException\n        elif status in ErrorCode.INVALID_SELECTOR \\\n                or status in ErrorCode.INVALID_XPATH_SELECTOR \\\n                or status in ErrorCode.INVALID_XPATH_SELECTOR_RETURN_TYPER:\n            exception_class = InvalidSelectorException\n        elif status in ErrorCode.ELEMENT_IS_NOT_SELECTABLE:\n            exception_class = ElementNotSelectableException\n        elif status in ErrorCode.INVALID_COOKIE_DOMAIN:\n            exception_class = WebDriverException\n        elif status in ErrorCode.UNABLE_TO_SET_COOKIE:\n            exception_class = WebDriverException\n        elif status in ErrorCode.TIMEOUT:\n            exception_class = TimeoutException\n        elif status in ErrorCode.SCRIPT_TIMEOUT:\n            exception_class = TimeoutException\n        elif status in ErrorCode.UNKNOWN_ERROR:\n            exception_class = WebDriverException\n        elif status in ErrorCode.UNEXPECTED_ALERT_OPEN:\n            exception_class = UnexpectedAlertPresentException\n        elif status in ErrorCode.NO_ALERT_OPEN:\n            exception_class = NoAlertPresentException\n        elif status in ErrorCode.IME_NOT_AVAILABLE:\n            exception_class = ImeNotAvailableException\n        elif status in ErrorCode.IME_ENGINE_ACTIVATION_FAILED:\n            exception_class = ImeActivationFailedException\n        elif status in ErrorCode.MOVE_TARGET_OUT_OF_BOUNDS:\n            exception_class = MoveTargetOutOfBoundsException\n        else:\n            exception_class = WebDriverException\n        if value == '' or value is None:\n            value = response['value']\n        if isinstance(value, basestring):\n            if exception_class == ErrorInResponseException:\n                raise exception_class(response, value)\n            raise exception_class(value)\n        if message == \"\" and 'message' in value:\n            message = value['message']\n    \n        screen = None\n        if 'screen' in value:\n            screen = value['screen']\n    \n        stacktrace = None\n        if 'stackTrace' in value and value['stackTrace']:\n            stacktrace = []\n            try:\n                for frame in value['stackTrace']:\n                    line = self._value_or_default(frame, 'lineNumber', '')\n                    file = self._value_or_default(frame, 'fileName', '<anonymous>')\n                    if line:\n                        file = \"%s:%s\" % (file, line)\n                    meth = self._value_or_default(frame, 'methodName', '<anonymous>')\n                    if 'className' in frame:\n                        meth = \"%s.%s\" % (frame['className'], meth)\n                    msg = \"    at %s (%s)\"\n                    msg = msg % (meth, file)\n                    stacktrace.append(msg)\n            except TypeError:\n                pass\n        if exception_class == ErrorInResponseException:\n            raise exception_class(response, message)\n        elif exception_class == UnexpectedAlertPresentException and 'alert' in value:\n            raise exception_class(message, screen, stacktrace, value['alert'].get('text'))\n>       raise exception_class(message, screen, stacktrace)\nE       selenium.common.exceptions.NoSuchElementException: Message: An element could not be located on the page using the given search parameters.\n\nC:\\Users\\Geekseat\\AppData\\Local\\Programs\\Python\\Python35-32\\lib\\site-packages\\selenium\\webdriver\\remote\\errorhandler.py:193: NoSuchElementException",
    "flaky" : true
  },
  "statusMessage" : {
    "present" : true
  },
  "parameterValues" : [ ]
}