<ns0:test-suite xmlns:ns0="urn:model.allure.qatools.yandex.ru" start="1512454488693" stop="1512454822166">
  <name>hub3c_mobile_android.test_cases.test_project</name>
  <labels/>
  <test-cases>
    <test-case start="1512454488693" status="passed" stop="1512454519514">
      <name>TestProject.test_create_project_minimum_req</name>
      <attachments>
        <attachment source="2dc7a8f6-22a9-4b0b-ad83-9d0094c47a6e-attachment.txt" title="Captured stdout call" type="text/plain"/>
        <attachment source="b001a284-43f6-4c7b-baba-59915bdd8301-attachment.txt" title="Captured stderr setup" type="text/plain"/>
      </attachments>
      <labels>
        <label name="severity" value="normal"/>
        <label name="thread" value="6176-MainThread"/>
        <label name="host" value="DESKTOP-T8C7ART"/>
      </labels>
      <steps/>
    </test-case>
    <test-case start="1512454519520" status="failed" stop="1512454595326">
      <name>TestProject.test_create_project_with_unidentified_team_member</name>
      <failure>
        <message>NoSuchElementException: Message: An element could not be located on the page using the given search parameters.
</message>
        <stack-trace>self = &lt;hub3c_mobile_android.test_cases.test_project.TestProject object at 0x042924D0&gt;

    def test_create_project_with_unidentified_team_member(self):
        login.login(email="transsystem@mailinator.com", password="ZXasqw12")
        dashboard.verified_all_element()
        navbar.tap_feature_menu()
        feature_menu.tap_projects()
        project.tap_create_new_project()
    
        ### ############### input basic information
        create_project.verified_form()
        create_project.input_project_title()
        create_project.input_project_code()
        create_project.input_project_desc()
        util.swipe_to_buttom()
        create_project.set_reminder_date()
        util.swipe_to_buttom()
        create_project.tap_next()
    
        ### ############### Add team member project
        create_project.input_team_member_name(teamm_ember_name="Aditya Ridha")
        create_project.set_project_role()
        create_project.set_hourly_rate()
        util.swipe_to_buttom()
        create_project.tap_add_member_button()
&gt;       create_project.tap_option_team_member()

test_project.py:63: 
_ _ _ _ _ _ _ _ _ _ _ _ _ _ _ _ _ _ _ _ _ _ _ _ _ _ _ _ _ _ _ _ _ _ _ _ _ _ _ _
..\page\projects_module\create_new_project_form.py:158: in tap_option_team_member
    self.driver.find_element_by_xpath(self.project_creator_option).click()
C:\Users\Geekseat\AppData\Local\Programs\Python\Python35-32\lib\site-packages\selenium\webdriver\remote\webdriver.py:295: in find_element_by_xpath
    return self.find_element(by=By.XPATH, value=xpath)
C:\Users\Geekseat\AppData\Local\Programs\Python\Python35-32\lib\site-packages\selenium\webdriver\remote\webdriver.py:756: in find_element
    'value': value})['value']
C:\Users\Geekseat\AppData\Local\Programs\Python\Python35-32\lib\site-packages\selenium\webdriver\remote\webdriver.py:238: in execute
    self.error_handler.check_response(response)
C:\Users\Geekseat\AppData\Local\Programs\Python\Python35-32\lib\site-packages\appium\webdriver\errorhandler.py:29: in check_response
    raise wde
C:\Users\Geekseat\AppData\Local\Programs\Python\Python35-32\lib\site-packages\appium\webdriver\errorhandler.py:24: in check_response
    super(MobileErrorHandler, self).check_response(response)
_ _ _ _ _ _ _ _ _ _ _ _ _ _ _ _ _ _ _ _ _ _ _ _ _ _ _ _ _ _ _ _ _ _ _ _ _ _ _ _

self = &lt;appium.webdriver.errorhandler.MobileErrorHandler object at 0x04305970&gt;
response = {'status': 500, 'value': '{"status":7,"value":{"message":"An element could not be located on the page using the given search parameters."},"sessionId":"7c3c23d5-73d8-495b-8bc0-971b3de5cf0c"}'}

    def check_response(self, response):
        """
            Checks that a JSON response from the WebDriver does not have an error.
    
            :Args:
             - response - The JSON response from the WebDriver server as a dictionary
               object.
    
            :Raises: If the response contains an error message.
            """
        status = response.get('status', None)
        if status is None or status == ErrorCode.SUCCESS:
            return
        value = None
        message = response.get("message", "")
        screen = response.get("screen", "")
        stacktrace = None
        if isinstance(status, int):
            value_json = response.get('value', None)
            if value_json and isinstance(value_json, basestring):
                import json
                try:
                    value = json.loads(value_json)
                    if len(value.keys()) == 1:
                        value = value['value']
                    status = value.get('error', None)
                    if status is None:
                        status = value["status"]
                        message = value["value"]
                        if not isinstance(message, basestring):
                            value = message
                            try:
                                message = message['message']
                            except TypeError:
                                message = None
                    else:
                        message = value.get('message', None)
                except ValueError:
                    pass
    
        exception_class = ErrorInResponseException
        if status in ErrorCode.NO_SUCH_ELEMENT:
            exception_class = NoSuchElementException
        elif status in ErrorCode.NO_SUCH_FRAME:
            exception_class = NoSuchFrameException
        elif status in ErrorCode.NO_SUCH_WINDOW:
            exception_class = NoSuchWindowException
        elif status in ErrorCode.STALE_ELEMENT_REFERENCE:
            exception_class = StaleElementReferenceException
        elif status in ErrorCode.ELEMENT_NOT_VISIBLE:
            exception_class = ElementNotVisibleException
        elif status in ErrorCode.INVALID_ELEMENT_STATE:
            exception_class = InvalidElementStateException
        elif status in ErrorCode.INVALID_SELECTOR \
                or status in ErrorCode.INVALID_XPATH_SELECTOR \
                or status in ErrorCode.INVALID_XPATH_SELECTOR_RETURN_TYPER:
            exception_class = InvalidSelectorException
        elif status in ErrorCode.ELEMENT_IS_NOT_SELECTABLE:
            exception_class = ElementNotSelectableException
        elif status in ErrorCode.INVALID_COOKIE_DOMAIN:
            exception_class = WebDriverException
        elif status in ErrorCode.UNABLE_TO_SET_COOKIE:
            exception_class = WebDriverException
        elif status in ErrorCode.TIMEOUT:
            exception_class = TimeoutException
        elif status in ErrorCode.SCRIPT_TIMEOUT:
            exception_class = TimeoutException
        elif status in ErrorCode.UNKNOWN_ERROR:
            exception_class = WebDriverException
        elif status in ErrorCode.UNEXPECTED_ALERT_OPEN:
            exception_class = UnexpectedAlertPresentException
        elif status in ErrorCode.NO_ALERT_OPEN:
            exception_class = NoAlertPresentException
        elif status in ErrorCode.IME_NOT_AVAILABLE:
            exception_class = ImeNotAvailableException
        elif status in ErrorCode.IME_ENGINE_ACTIVATION_FAILED:
            exception_class = ImeActivationFailedException
        elif status in ErrorCode.MOVE_TARGET_OUT_OF_BOUNDS:
            exception_class = MoveTargetOutOfBoundsException
        else:
            exception_class = WebDriverException
        if value == '' or value is None:
            value = response['value']
        if isinstance(value, basestring):
            if exception_class == ErrorInResponseException:
                raise exception_class(response, value)
            raise exception_class(value)
        if message == "" and 'message' in value:
            message = value['message']
    
        screen = None
        if 'screen' in value:
            screen = value['screen']
    
        stacktrace = None
        if 'stackTrace' in value and value['stackTrace']:
            stacktrace = []
            try:
                for frame in value['stackTrace']:
                    line = self._value_or_default(frame, 'lineNumber', '')
                    file = self._value_or_default(frame, 'fileName', '&lt;anonymous&gt;')
                    if line:
                        file = "%s:%s" % (file, line)
                    meth = self._value_or_default(frame, 'methodName', '&lt;anonymous&gt;')
                    if 'className' in frame:
                        meth = "%s.%s" % (frame['className'], meth)
                    msg = "    at %s (%s)"
                    msg = msg % (meth, file)
                    stacktrace.append(msg)
            except TypeError:
                pass
        if exception_class == ErrorInResponseException:
            raise exception_class(response, message)
        elif exception_class == UnexpectedAlertPresentException and 'alert' in value:
            raise exception_class(message, screen, stacktrace, value['alert'].get('text'))
&gt;       raise exception_class(message, screen, stacktrace)
E       selenium.common.exceptions.NoSuchElementException: Message: An element could not be located on the page using the given search parameters.

C:\Users\Geekseat\AppData\Local\Programs\Python\Python35-32\lib\site-packages\selenium\webdriver\remote\errorhandler.py:193: NoSuchElementException</stack-trace>
      </failure>
      <attachments>
        <attachment source="5d1b2993-5f76-4c62-a3ea-5f577a4f2db0-attachment.txt" title="Captured stdout call" type="text/plain"/>
        <attachment source="866ace86-2f38-44c6-85d9-5ed37dd5ec06-attachment.txt" title="Captured stderr setup" type="text/plain"/>
      </attachments>
      <labels>
        <label name="severity" value="normal"/>
        <label name="thread" value="6176-MainThread"/>
        <label name="host" value="DESKTOP-T8C7ART"/>
      </labels>
      <steps/>
    </test-case>
    <test-case start="1512454595387" status="passed" stop="1512454671376">
      <name>TestProject.test_create_project_all_form_filled</name>
      <attachments>
        <attachment source="eacedb8e-92a4-4947-8427-941e9f04b265-attachment.txt" title="Captured stdout call" type="text/plain"/>
        <attachment source="56bcf886-720f-4518-be5e-bf9c1dec63c2-attachment.txt" title="Captured stderr setup" type="text/plain"/>
      </attachments>
      <labels>
        <label name="severity" value="normal"/>
        <label name="thread" value="6176-MainThread"/>
        <label name="host" value="DESKTOP-T8C7ART"/>
      </labels>
      <steps/>
    </test-case>
    <test-case start="1512454671382" status="passed" stop="1512454750186">
      <name>TestProject.test_create_project_with_two_project_owner</name>
      <attachments>
        <attachment source="d081ba14-5030-448f-9325-38b54dd9107c-attachment.txt" title="Captured stdout call" type="text/plain"/>
        <attachment source="d5e70a99-dc8a-4fc6-8947-be17e2c42586-attachment.txt" title="Captured stderr setup" type="text/plain"/>
      </attachments>
      <labels>
        <label name="severity" value="normal"/>
        <label name="thread" value="6176-MainThread"/>
        <label name="host" value="DESKTOP-T8C7ART"/>
      </labels>
      <steps/>
    </test-case>
    <test-case start="1512454750205" status="passed" stop="1512454793925">
      <name>TestProject.test_edit_project</name>
      <attachments>
        <attachment source="5ad24486-f4bf-4e1e-9a1b-08b4734ba0fc-attachment.txt" title="Captured stdout call" type="text/plain"/>
        <attachment source="0220a7ac-34de-4bc0-bc03-f4ab7762f374-attachment.txt" title="Captured stderr setup" type="text/plain"/>
      </attachments>
      <labels>
        <label name="severity" value="normal"/>
        <label name="thread" value="6176-MainThread"/>
        <label name="host" value="DESKTOP-T8C7ART"/>
      </labels>
      <steps/>
    </test-case>
    <test-case start="1512454793929" status="passed" stop="1512454821743">
      <name>TestProject.test_delete_project</name>
      <attachments>
        <attachment source="97fa78f1-2f86-446f-8044-2fe723e27d96-attachment.txt" title="Captured stdout call" type="text/plain"/>
        <attachment source="8de32862-1cc8-419e-a2a7-b75646a39eae-attachment.txt" title="Captured stderr setup" type="text/plain"/>
      </attachments>
      <labels>
        <label name="severity" value="normal"/>
        <label name="thread" value="6176-MainThread"/>
        <label name="host" value="DESKTOP-T8C7ART"/>
      </labels>
      <steps/>
    </test-case>
    <test-case start="1512454821751" status="passed" stop="1512454821915">
      <name>TestProject.test_search_project</name>
      <attachments>
        <attachment source="857554c6-262d-4c2b-85d7-67c884391276-attachment.txt" title="Captured stderr setup" type="text/plain"/>
      </attachments>
      <labels>
        <label name="severity" value="normal"/>
        <label name="thread" value="6176-MainThread"/>
        <label name="host" value="DESKTOP-T8C7ART"/>
      </labels>
      <steps/>
    </test-case>
    <test-case start="1512454821919" status="passed" stop="1512454822070">
      <name>TestProject.test_arcived_project</name>
      <attachments>
        <attachment source="b30ca478-3249-4da8-8075-cd0c392d14dc-attachment.txt" title="Captured stderr setup" type="text/plain"/>
      </attachments>
      <labels>
        <label name="severity" value="normal"/>
        <label name="thread" value="6176-MainThread"/>
        <label name="host" value="DESKTOP-T8C7ART"/>
      </labels>
      <steps/>
    </test-case>
    <test-case start="1512454822081" status="passed" stop="1512454822166">
      <name>TestProject.test_start_project</name>
      <attachments>
        <attachment source="16bbb226-6a1c-448e-8c5d-fe0034c96ac7-attachment.txt" title="Captured stderr setup" type="text/plain"/>
      </attachments>
      <labels>
        <label name="severity" value="normal"/>
        <label name="thread" value="6176-MainThread"/>
        <label name="host" value="DESKTOP-T8C7ART"/>
      </labels>
      <steps/>
    </test-case>
  </test-cases>
</ns0:test-suite>
